<?xml version="1.0" encoding="UTF-8"?>
<testng-results skipped="0" failed="0" total="1" passed="1">
  <reporter-output>
  </reporter-output>
  <suite name="Default suite" duration-ms="3288" started-at="2020-06-24T05:54:54Z" finished-at="2020-06-24T05:54:57Z">
    <groups>
    </groups>
    <test name="Default test" duration-ms="3288" started-at="2020-06-24T05:54:54Z" finished-at="2020-06-24T05:54:57Z">
      <class name="com.jsonsever.DummyApiTest">
        <test-method status="PASS" signature="config()[pri:0, instance:com.jsonsever.DummyApiTest@589b3632]" name="config" is-config="true" duration-ms="920" started-at="2020-06-24T11:24:54Z" finished-at="2020-06-24T11:24:55Z">
          <reporter-output>
          </reporter-output>
        </test-method> <!-- config -->
        <test-method status="PASS" signature="get_Employees()[pri:0, instance:com.jsonsever.DummyApiTest@589b3632]" name="get_Employees" duration-ms="2333" started-at="2020-06-24T11:24:55Z" finished-at="2020-06-24T11:24:57Z">
          <reporter-output>
          </reporter-output>
        </test-method> <!-- get_Employees -->
      </class> <!-- com.jsonsever.DummyApiTest -->
    </test> <!-- Default test -->
  </suite> <!-- Default suite -->
</testng-results>
